<?xml version="1.0" encoding="UTF-8"?>
<!-- Generated by org.testng.reporters.JUnitReportReporter -->
<testsuite skipped="1" hostname="Mahesh-PC" name="listeners.TestNGListenerDemo2" tests="3" failures="0" timestamp="2019-09-03T14:25:16 IST" time="0.012" errors="0">
  <testcase name="test4" time="0.005" classname="listeners.TestNGListenerDemo2"/>
  <testcase name="test6" time="0.003" classname="listeners.TestNGListenerDemo2">
    <skipped/>
  </testcase> <!-- test6 -->
  <testcase name="test5" time="0.004" classname="listeners.TestNGListenerDemo2"/>
</testsuite> <!-- listeners.TestNGListenerDemo2 -->
