<?xml version="1.0" encoding="UTF-8"?>
<!-- Generated by org.testng.reporters.JUnitReportReporter -->
<testsuite skipped="0" hostname="Mahesh-PC" name="automation.Auto" tests="2" failures="0" timestamp="2019-09-13T13:49:03 IST" time="8.437" errors="0">
  <testcase name="productNew" time="3.805" classname="automation.Auto"/>
  <testcase name="login" time="4.632" classname="automation.Auto"/>
</testsuite> <!-- automation.Auto -->
