<?xml version="1.0" encoding="UTF-8"?>
<!-- Generated by org.testng.reporters.JUnitReportReporter -->
<testsuite skipped="0" hostname="Mahesh-PC" name="testNGPriority.TestNGPriorityDemo" tests="3" failures="0" timestamp="2019-09-04T13:58:32 IST" time="0.072" errors="0">
  <testcase name="one" time="0.048" classname="testNGPriority.TestNGPriorityDemo"/>
  <testcase name="two" time="0.012" classname="testNGPriority.TestNGPriorityDemo"/>
  <testcase name="three" time="0.012" classname="testNGPriority.TestNGPriorityDemo"/>
</testsuite> <!-- testNGPriority.TestNGPriorityDemo -->
