<?xml version="1.0" encoding="UTF-8"?>
<!-- Generated by org.testng.reporters.JUnitReportReporter -->
<testsuite skipped="0" hostname="Mahesh-PC" name="demo.Test1" tests="1" failures="0" timestamp="2019-09-07T16:57:36 IST" time="21.753" errors="0">
  <testcase name="test1" time="21.753" classname="demo.Test1"/>
</testsuite> <!-- demo.Test1 -->
