<?xml version="1.0" encoding="UTF-8"?>
<!-- Generated by org.testng.reporters.JUnitReportReporter -->
<testsuite skipped="1" hostname="Mahesh-PC" name="demo.TestNGIgnoreDemo" tests="2" failures="0" timestamp="2019-09-06T08:10:24 IST" time="0.043" errors="0">
  <testcase name="test2" time="0.043" classname="demo.TestNGIgnoreDemo"/>
  <testcase name="test1" classname="demo.TestNGIgnoreDemo">
    <skipped/>
  </testcase> <!-- test1 -->
</testsuite> <!-- demo.TestNGIgnoreDemo -->
