<?xml version="1.0" encoding="UTF-8"?>
<!-- Generated by org.testng.reporters.JUnitReportReporter -->
<testsuite skipped="0" hostname="Mahesh-PC" name="extentReports.ExtentReportDemoWithTestNG" tests="2" failures="0" timestamp="2019-08-24T12:40:01 IST" time="0.145" errors="0">
  <testcase name="test1" time="0.119" classname="extentReports.ExtentReportDemoWithTestNG"/>
  <testcase name="test2" time="0.026" classname="extentReports.ExtentReportDemoWithTestNG"/>
</testsuite> <!-- extentReports.ExtentReportDemoWithTestNG -->
