<?xml version="1.0" encoding="UTF-8"?>
<!-- Generated by org.testng.reporters.JUnitReportReporter -->
<testsuite skipped="0" hostname="Mahesh-PC" name="TestNGGroupsDemo" tests="4" failures="0" timestamp="2019-09-06T07:56:39 IST" time="0.037" errors="0">
  <testcase name="test2" time="0.004" classname="TestNGGroupsDemo"/>
  <testcase name="test1" time="0.023" classname="TestNGGroupsDemo"/>
  <testcase name="test3" time="0.007" classname="TestNGGroupsDemo"/>
  <testcase name="test4" time="0.003" classname="TestNGGroupsDemo"/>
</testsuite> <!-- TestNGGroupsDemo -->
