<?xml version="1.0" encoding="UTF-8"?>
<!-- Generated by org.testng.reporters.JUnitReportReporter -->
<testsuite skipped="0" hostname="Mahesh-PC" name="demo.TestNGDependencyDemo" tests="3" failures="0" timestamp="2019-09-06T08:01:06 IST" time="0.053" errors="0">
  <testcase name="test1" time="0.007" classname="demo.TestNGDependencyDemo"/>
  <testcase name="test3" time="0.008" classname="demo.TestNGDependencyDemo"/>
  <testcase name="test2" time="0.038" classname="demo.TestNGDependencyDemo"/>
</testsuite> <!-- demo.TestNGDependencyDemo -->
