<?xml version="1.0" encoding="UTF-8"?>
<!-- Generated by org.testng.reporters.JUnitReportReporter -->
<testsuite skipped="0" hostname="Mahesh-PC" name="excelWithTestNG.ExcelDataProvider" tests="3" failures="0" timestamp="2019-09-01T12:22:58 IST" time="18.809" errors="0">
  <testcase name="test1" time="4.059" classname="excelWithTestNG.ExcelDataProvider"/>
  <testcase name="test1" time="11.610" classname="excelWithTestNG.ExcelDataProvider"/>
  <testcase name="test1" time="3.140" classname="excelWithTestNG.ExcelDataProvider"/>
</testsuite> <!-- excelWithTestNG.ExcelDataProvider -->
